\BOOKMARK [0][-]{chapter.1}{Approximating 95 Using Newton's Method}{}% 1
\BOOKMARK [1][-]{subsection.1.0.1}{If Newton's method converges, does it always converge to a root?}{chapter.1}% 2
\BOOKMARK [0][-]{chapter.2}{Derivatives of Inverse Functions}{}% 3
\BOOKMARK [1][-]{section*.2}{Theorem: Inverse Function Theorem}{chapter.2}% 4
\BOOKMARK [2][-]{subsection.2.0.1}{Proof sketch}{section*.2}% 5
\BOOKMARK [2][-]{subsection.2.0.2}{Testing Inverse Function Theorem}{section*.2}% 6
\BOOKMARK [2][-]{subsection.2.0.3}{Derivative of ln\(x\)}{section*.2}% 7
\BOOKMARK [2][-]{subsection.2.0.4}{Derivative of Inverse Trig Functions}{section*.2}% 8
\BOOKMARK [0][-]{chapter.3}{Implicit Differentiation}{}% 9
\BOOKMARK [1][-]{section.3.1}{Example}{chapter.3}% 10
\BOOKMARK [0][-]{chapter.4}{Logarithmic Differentiation}{}% 11
\BOOKMARK [1][-]{subsection.4.0.1}{Example 1}{chapter.4}% 12
\BOOKMARK [2][-]{subsection.4.0.2}{Example 2}{subsection.4.0.1}% 13
\BOOKMARK [0][-]{chapter.5}{Extrema}{}% 14
\BOOKMARK [1][-]{section*.3}{Theorem: Local Extrema Theory}{chapter.5}% 15
\BOOKMARK [2][-]{subsection.5.0.1}{proof}{section*.3}% 16
\BOOKMARK [2][-]{subsection.5.0.2}{Converse}{section*.3}% 17
\BOOKMARK [1][-]{section.5.1}{Finding Global Extrema}{chapter.5}% 18
\BOOKMARK [2][-]{subsection.5.1.1}{Example}{section.5.1}% 19
\BOOKMARK [0][-]{chapter.6}{The Mean Value Theorem}{}% 20
\BOOKMARK [1][-]{section*.4}{Theorem: Rolle's Theorem}{chapter.6}% 21
