\BOOKMARK [0][-]{chapter.1}{Linear Diophantine Equations in Z2}{}% 1
\BOOKMARK [1][-]{subsection.1.0.1}{Example}{chapter.1}% 2
\BOOKMARK [1][-]{section*.2}{Theorem: LDET Part 1}{chapter.1}% 3
\BOOKMARK [2][-]{subsection.1.0.2}{Proof of forwards direction}{section*.2}% 4
\BOOKMARK [2][-]{subsection.1.0.3}{Proof of backwards direction}{section*.2}% 5
\BOOKMARK [2][-]{subsection.1.0.4}{Remark}{section*.2}% 6
\BOOKMARK [1][-]{section*.3}{Theorem: LDET Part 2}{chapter.1}% 7
\BOOKMARK [2][-]{subsection.1.0.5}{Proof}{section*.3}% 8
\BOOKMARK [1][-]{section.1.1}{More Examples}{chapter.1}% 9
\BOOKMARK [2][-]{subsection.1.1.1}{Geometric Understanding}{section.1.1}% 10
\BOOKMARK [2][-]{subsection.1.1.2}{Nonnegative soln }{section.1.1}% 11
\BOOKMARK [2][-]{subsection.1.1.3}{Find all integer soln to 15x+35y2 = 5}{section.1.1}% 12
\BOOKMARK [0][-]{chapter.2}{Congruence and Modular Arithmetic}{}% 13
\BOOKMARK [1][-]{section.2.1}{Clockwork Arithmetic Analogy}{chapter.2}% 14
\BOOKMARK [1][-]{section.2.2}{Definition}{chapter.2}% 15
\BOOKMARK [1][-]{section.2.3}{Examples}{chapter.2}% 16
\BOOKMARK [1][-]{section*.4}{Proposition: Congruence is an Equivalence Relation}{chapter.2}% 17
\BOOKMARK [1][-]{section.2.4}{Recap}{chapter.2}% 18
\BOOKMARK [1][-]{section*.5}{Proposition: Arithmetic Rules of Congruence}{chapter.2}% 19
\BOOKMARK [2][-]{subsection.2.4.1}{Examples}{section*.5}% 20
\BOOKMARK [2][-]{subsection.2.4.2}{Proof of addition}{section*.5}% 21
\BOOKMARK [2][-]{subsection.2.4.3}{Remark on Division}{section*.5}% 22
\BOOKMARK [1][-]{section*.6}{Proposition: Congruent Division}{chapter.2}% 23
\BOOKMARK [2][-]{subsection.2.4.4}{Proof}{section*.6}% 24
\BOOKMARK [2][-]{subsection.2.4.5}{More Examples}{section*.6}% 25
\BOOKMARK [1][-]{section*.7}{Theorem: Congruence and Remainders}{chapter.2}% 26
\BOOKMARK [2][-]{subsection.2.4.6}{Example}{section*.7}% 27
\BOOKMARK [2][-]{subsection.2.4.7}{Observation}{section*.7}% 28
\BOOKMARK [1][-]{section.2.5}{Warning}{chapter.2}% 29
\BOOKMARK [2][-]{subsection.2.5.1}{Example}{section.2.5}% 30
\BOOKMARK [1][-]{section*.8}{Proposition: Finite Integers}{chapter.2}% 31
\BOOKMARK [2][-]{subsection.2.5.2}{Proof}{section*.8}% 32
